I, [2016-04-30T22:22:46.790929 #44402]  INFO -- Kitchen: -----> Starting Kitchen (v1.7.3)
I, [2016-04-30T22:22:47.171354 #44402]  INFO -- Kitchen: -----> Cleaning up any prior instances of <default-ubuntu-1404>
I, [2016-04-30T22:22:47.171535 #44402]  INFO -- Kitchen: -----> Destroying <default-ubuntu-1404>...
I, [2016-04-30T22:22:47.178695 #44402]  INFO -- Kitchen: -----> Testing <default-ubuntu-1404>
I, [2016-04-30T22:22:47.178972 #44402]  INFO -- Kitchen: -----> Creating <default-ubuntu-1404>...
E, [2016-04-30T22:22:48.166076 #44402] ERROR -- Kitchen: ------Exception-------
E, [2016-04-30T22:22:48.166102 #44402] ERROR -- Kitchen: Class: Kitchen::ActionFailed
E, [2016-04-30T22:22:48.166119 #44402] ERROR -- Kitchen: Message: Failed to complete #create action: [AWS was not able to validate the provided access credentials]
E, [2016-04-30T22:22:48.166135 #44402] ERROR -- Kitchen: ---Nested Exception---
E, [2016-04-30T22:22:48.166151 #44402] ERROR -- Kitchen: Class: Aws::EC2::Errors::AuthFailure
E, [2016-04-30T22:22:48.166166 #44402] ERROR -- Kitchen: Message: AWS was not able to validate the provided access credentials
E, [2016-04-30T22:22:48.166182 #44402] ERROR -- Kitchen: ------Backtrace-------
E, [2016-04-30T22:22:48.166197 #44402] ERROR -- Kitchen: /Users/amencke/.rvm/gems/ruby-2.3.0/gems/aws-sdk-core-2.3.0/lib/seahorse/client/plugins/raise_response_errors.rb:15:in `call'
E, [2016-04-30T22:22:48.166213 #44402] ERROR -- Kitchen: /Users/amencke/.rvm/gems/ruby-2.3.0/gems/aws-sdk-core-2.3.0/lib/aws-sdk-core/plugins/param_converter.rb:20:in `call'
E, [2016-04-30T22:22:48.166229 #44402] ERROR -- Kitchen: /Users/amencke/.rvm/gems/ruby-2.3.0/gems/aws-sdk-core-2.3.0/lib/aws-sdk-core/plugins/response_paging.rb:26:in `call'
E, [2016-04-30T22:22:48.166245 #44402] ERROR -- Kitchen: /Users/amencke/.rvm/gems/ruby-2.3.0/gems/aws-sdk-core-2.3.0/lib/seahorse/client/plugins/response_target.rb:21:in `call'
E, [2016-04-30T22:22:48.166262 #44402] ERROR -- Kitchen: /Users/amencke/.rvm/gems/ruby-2.3.0/gems/aws-sdk-core-2.3.0/lib/seahorse/client/request.rb:70:in `send_request'
E, [2016-04-30T22:22:48.166278 #44402] ERROR -- Kitchen: /Users/amencke/.rvm/gems/ruby-2.3.0/gems/aws-sdk-core-2.3.0/lib/seahorse/client/base.rb:207:in `block (2 levels) in define_operation_methods'
E, [2016-04-30T22:22:48.166294 #44402] ERROR -- Kitchen: /Users/amencke/.rvm/gems/ruby-2.3.0/gems/aws-sdk-resources-2.3.0/lib/aws-sdk-resources/request.rb:24:in `call'
E, [2016-04-30T22:22:48.166310 #44402] ERROR -- Kitchen: /Users/amencke/.rvm/gems/ruby-2.3.0/gems/aws-sdk-resources-2.3.0/lib/aws-sdk-resources/operations.rb:139:in `all_batches'
E, [2016-04-30T22:22:48.166326 #44402] ERROR -- Kitchen: /Users/amencke/.rvm/gems/ruby-2.3.0/gems/aws-sdk-resources-2.3.0/lib/aws-sdk-resources/collection.rb:18:in `each'
E, [2016-04-30T22:22:48.166342 #44402] ERROR -- Kitchen: /Users/amencke/.rvm/gems/ruby-2.3.0/gems/aws-sdk-resources-2.3.0/lib/aws-sdk-resources/collection.rb:18:in `each'
E, [2016-04-30T22:22:48.166358 #44402] ERROR -- Kitchen: /Users/amencke/.rvm/gems/ruby-2.3.0/gems/kitchen-ec2-1.0.0/lib/kitchen/driver/aws/standard_platform.rb:194:in `sort_by'
E, [2016-04-30T22:22:48.166374 #44402] ERROR -- Kitchen: /Users/amencke/.rvm/gems/ruby-2.3.0/gems/kitchen-ec2-1.0.0/lib/kitchen/driver/aws/standard_platform.rb:194:in `sort_images'
E, [2016-04-30T22:22:48.166390 #44402] ERROR -- Kitchen: /Users/amencke/.rvm/gems/ruby-2.3.0/gems/kitchen-ec2-1.0.0/lib/kitchen/driver/aws/standard_platform.rb:85:in `find_image'
E, [2016-04-30T22:22:48.166406 #44402] ERROR -- Kitchen: /Users/amencke/.rvm/gems/ruby-2.3.0/gems/kitchen-ec2-1.0.0/lib/kitchen/driver/ec2.rb:280:in `default_ami'
E, [2016-04-30T22:22:48.166422 #44402] ERROR -- Kitchen: /Users/amencke/.rvm/gems/ruby-2.3.0/gems/kitchen-ec2-1.0.0/lib/kitchen/driver/ec2.rb:74:in `block in <class:Ec2>'
E, [2016-04-30T22:22:48.166438 #44402] ERROR -- Kitchen: /Users/amencke/.rvm/gems/ruby-2.3.0/gems/test-kitchen-1.7.3/lib/kitchen/lazy_hash.rb:136:in `proc_or_val'
E, [2016-04-30T22:22:48.166453 #44402] ERROR -- Kitchen: /Users/amencke/.rvm/gems/ruby-2.3.0/gems/test-kitchen-1.7.3/lib/kitchen/lazy_hash.rb:77:in `[]'
E, [2016-04-30T22:22:48.166478 #44402] ERROR -- Kitchen: /Users/amencke/.rvm/gems/ruby-2.3.0/gems/kitchen-ec2-1.0.0/lib/kitchen/driver/ec2.rb:233:in `image'
E, [2016-04-30T22:22:48.166496 #44402] ERROR -- Kitchen: /Users/amencke/.rvm/gems/ruby-2.3.0/gems/kitchen-ec2-1.0.0/lib/kitchen/driver/ec2.rb:261:in `actual_platform'
E, [2016-04-30T22:22:48.166512 #44402] ERROR -- Kitchen: /Users/amencke/.rvm/gems/ruby-2.3.0/gems/kitchen-ec2-1.0.0/lib/kitchen/driver/ec2.rb:288:in `update_username'
E, [2016-04-30T22:22:48.166528 #44402] ERROR -- Kitchen: /Users/amencke/.rvm/gems/ruby-2.3.0/gems/kitchen-ec2-1.0.0/lib/kitchen/driver/ec2.rb:156:in `create'
E, [2016-04-30T22:22:48.166544 #44402] ERROR -- Kitchen: /Users/amencke/.rvm/gems/ruby-2.3.0/gems/test-kitchen-1.7.3/lib/kitchen/instance.rb:449:in `public_send'
E, [2016-04-30T22:22:48.166560 #44402] ERROR -- Kitchen: /Users/amencke/.rvm/gems/ruby-2.3.0/gems/test-kitchen-1.7.3/lib/kitchen/instance.rb:449:in `block in perform_action'
E, [2016-04-30T22:22:48.166576 #44402] ERROR -- Kitchen: /Users/amencke/.rvm/gems/ruby-2.3.0/gems/test-kitchen-1.7.3/lib/kitchen/instance.rb:513:in `synchronize_or_call'
E, [2016-04-30T22:22:48.166592 #44402] ERROR -- Kitchen: /Users/amencke/.rvm/gems/ruby-2.3.0/gems/test-kitchen-1.7.3/lib/kitchen/instance.rb:478:in `block in action'
E, [2016-04-30T22:22:48.166608 #44402] ERROR -- Kitchen: /Users/amencke/.rbenv/versions/2.3.0/lib/ruby/2.3.0/benchmark.rb:293:in `measure'
E, [2016-04-30T22:22:48.166624 #44402] ERROR -- Kitchen: /Users/amencke/.rvm/gems/ruby-2.3.0/gems/test-kitchen-1.7.3/lib/kitchen/instance.rb:477:in `action'
E, [2016-04-30T22:22:48.166641 #44402] ERROR -- Kitchen: /Users/amencke/.rvm/gems/ruby-2.3.0/gems/test-kitchen-1.7.3/lib/kitchen/instance.rb:449:in `perform_action'
E, [2016-04-30T22:22:48.166657 #44402] ERROR -- Kitchen: /Users/amencke/.rvm/gems/ruby-2.3.0/gems/test-kitchen-1.7.3/lib/kitchen/instance.rb:359:in `create_action'
E, [2016-04-30T22:22:48.166673 #44402] ERROR -- Kitchen: /Users/amencke/.rvm/gems/ruby-2.3.0/gems/test-kitchen-1.7.3/lib/kitchen/instance.rb:348:in `block in transition_to'
E, [2016-04-30T22:22:48.166720 #44402] ERROR -- Kitchen: /Users/amencke/.rvm/gems/ruby-2.3.0/gems/test-kitchen-1.7.3/lib/kitchen/instance.rb:347:in `each'
E, [2016-04-30T22:22:48.166737 #44402] ERROR -- Kitchen: /Users/amencke/.rvm/gems/ruby-2.3.0/gems/test-kitchen-1.7.3/lib/kitchen/instance.rb:347:in `transition_to'
E, [2016-04-30T22:22:48.166753 #44402] ERROR -- Kitchen: /Users/amencke/.rvm/gems/ruby-2.3.0/gems/test-kitchen-1.7.3/lib/kitchen/instance.rb:160:in `verify'
E, [2016-04-30T22:22:48.166769 #44402] ERROR -- Kitchen: /Users/amencke/.rvm/gems/ruby-2.3.0/gems/test-kitchen-1.7.3/lib/kitchen/instance.rb:189:in `block in test'
E, [2016-04-30T22:22:48.166785 #44402] ERROR -- Kitchen: /Users/amencke/.rbenv/versions/2.3.0/lib/ruby/2.3.0/benchmark.rb:293:in `measure'
E, [2016-04-30T22:22:48.166801 #44402] ERROR -- Kitchen: /Users/amencke/.rvm/gems/ruby-2.3.0/gems/test-kitchen-1.7.3/lib/kitchen/instance.rb:185:in `test'
E, [2016-04-30T22:22:48.166817 #44402] ERROR -- Kitchen: /Users/amencke/.rvm/gems/ruby-2.3.0/gems/test-kitchen-1.7.3/lib/kitchen/command.rb:176:in `public_send'
E, [2016-04-30T22:22:48.166833 #44402] ERROR -- Kitchen: /Users/amencke/.rvm/gems/ruby-2.3.0/gems/test-kitchen-1.7.3/lib/kitchen/command.rb:176:in `block (2 levels) in run_action'
E, [2016-04-30T22:22:48.166849 #44402] ERROR -- Kitchen: ----------------------
